Multi-OEM/Retail Project Version : 180226-R84.0 - BaseLine  [MRP via MDL Forum ONLY] 
 
Required project files extracted successfully. 
 
OEM's folder detected, structure appears OK. 
 
No Config File Detected - Using Default Settings. 
 
MRP Logging Mode              : Standard 
Confirm File Delete           : Disabled 
W10 TitleBar Color            : Disabled 
Show 'ThisPC' On Desktop      : Disabled 
 
OS Installation Date/Time     : 09/25/2020 {UTC} -- 9:36pm 
 
[OSINF] =======================  
[OSINF] Detected OS Information  
[OSINF] =======================  
[OSINF] Version {SKU}         : Windows 10 Pro {48} 
[OSINF] Edition {Registry}    : Professional {48} 
[OSINF] Edition {CBS}         : Professional 
[OSINF] Architecture          : 64 Bits 
[OSINF] Build Information     : 17763.1.amd64fre.rs5_release.180914-1434 
[OSINF] Update Build Revision : 195 
[OSINF] Edition Language/Code : en-US / 1033 {409h} 
[OSINF] Locale                : id-ID 
[OSINF] Language Name Value   : IND 
[OSINF] =======================  
 
[MBINF] ======================= 
[MBINF] Motherboard Information 
[MBINF] ======================= 
[MBINF] #01 CS Product Name   : [Aspire A514-52G] 
[MBINF] #02 CS Model Name     : [Aspire A514-52G] 
[MBINF] #04 CS Vendor Name    : [Acer] 
[MBINF] #05 CS System Name    : [Acer] 
[MBINF] #06 Baseboard Name    : [CML] 
[MBINF] #08 BIOS or SLIC ID   : [ACRSYS - 2] 
[MBINF] #09 SLIC Information  : [No SLIC Table Present] 
[MBINF] #11 MSDM Information  : [MSDM Table OK, Acer Brand Detected] 
[MBINF] ======================= 
 
[CMINF] ======================= 
[CMINF] CPU/Memory  Information 
[CMINF] ======================= 
[CMINF] CPU Name/Type         : [Intel{R} Core{TM} i5-10210U CPU @ 1.60GHz] 
[CMINF] CPU Description       : [Intel64 Family 6 Model 142 Stepping 12] 
[CMINF] CPU Architecture      : [32/64 Bit Instruction Set] 
[CMINF] CPU Cores/Threads     : [4] / [8] 
[CMINF] Total Physical Memory : [12084 Mb] 
[CMINF] Available Memory      : [11340 Mb] 
[CMINF] ======================= 
 
[HDTYP] Info: SSD Detected. 
 
[SATOU] List user options enabled or applied... 
[PKEIC] The PID.txt file was not detected. 
[PKEIC] The ei.cfg file was not detected. 
[CKDMI] Querying BIOS for any manufacturer brand information. 
[THMOK] Acer [#04] manufacturer detected for automated theme/branding. 
[CHKMN] Computer Model Name: 'Aspire A514-52G' has been applied. 
[USRFT] CustomTheme option was not used. 
[WPCHK] Wallpaper.jpg transferred. 
[BGDFC] Desktop backgrounds folder created. 
[BGDFC] BackgroundDefault.jpg created from Wallpaper.jpg. 
[RMXML] OOBE.xml file processed. 
[UBREP] User.bmp replaced. 
[UPREP] User.png replaced. 
[UPREP] User-40.png replaced. 
[UPREP] User-32.png replaced. 
[UPREP] User-48.png replaced. 
[UPREP] User-192.png replaced. 
[WX81S] Lock Screen {img105.jpg} replaced. Original renamed as img0105.jpg. 
[WX81S] Log-In Background {img100.jpg} replaced. Original renamed as img0100.jpg. 
[OTFTS] OEM theme folder has been created. 
[OTFTS] OEM files have been transferred. 
[ATHBA] Acer OEM theme has been applied.  
[BSHCS] Branding script has completed. 
